=== AI-for-dummies start 2025-09-25_21-38-19 ===
App starting with 1 args
[21:38:19] [DEBUG] GLib-GIO: _g_io_module_get_default: Found default implementation winhttp (GWinHttpVfs) for ‘gio-vfs’
[21:38:19] [DEBUG] GLib-GIO: HKEY_CLASSES_ROOT\htmlfile\shell\Shell\Edit does not have a "command" subkey
[21:38:19] [DEBUG] GLib-GIO: HKEY_CLASSES_ROOT\htmlfile\shell\Shell\Edit does not have a "command" subkey
[21:38:19] [DEBUG] GLib-GIO: HKEY_CLASSES_ROOT\htmlfile\shell\Shell\Edit does not have a "command" subkey
[21:38:19] [DEBUG] GLib-GIO: HKEY_CLASSES_ROOT\htmlfile\shell\Shell\Edit does not have a "command" subkey
[21:38:19] [DEBUG] GLib-GIO: HKEY_CLASSES_ROOT\Applications\mrpack\shell\Shell\open does not have a "command" subkey
[21:38:19] [DEBUG] GLib-GIO: HKEY_CLASSES_ROOT\htmlfile\shell\Shell\Edit does not have a "command" subkey
[21:38:19] [DEBUG] GLib-GIO: HKEY_CLASSES_ROOT\htmlfile\shell\Shell\Edit does not have a "command" subkey
[21:38:19] [DEBUG] GLib-GIO: HKEY_CLASSES_ROOT\htmlfile\shell\Shell\Edit does not have a "command" subkey
[21:38:19] [DEBUG] GLib-GIO: HKEY_CLASSES_ROOT\htmlfile\shell\Shell\Edit does not have a "command" subkey
[21:38:19] [DEBUG] GLib-GIO: HKEY_CLASSES_ROOT\Access.MDBFile\shell\Shell\openAsReadOnly does not have a "command" subkey
[21:38:21] [DEBUG] GLib-GIO: Unexpectedly, UWP app `Clipchamp.Clipchamp_4.3.10120.0_x64__yxz26nhyzhsrt' (AUMId `Clipchamp.Clipchamp_yxz26nhyzhsrt!App') supports 41 extensions but has no verbs
[21:38:21] [DEBUG] GLib-GIO: Unexpectedly, UWP app `Microsoft.OutlookForWindows_1.2025.828.402_x64__8wekyb3d8bbwe' (AUMId `Microsoft.OutlookForWindows_8wekyb3d8bbwe!Microsoft.OutlookforWindows') supports 4 extensions but has no verbs
[21:38:21] [DEBUG] GLib-GIO: Collecting capable appnames: 0ms
Allocating hashtables:...... 0ms
Reading capable apps:        110ms
Reading URL associations:... 0ms
Reading extension assocs:    140ms
Reading exe-only apps:...... 79ms
Reading classes:             609ms
Reading UWP apps:            1516ms
Postprocessing:..............15ms
TOTAL:                       2469ms
[21:38:31] [CRITICAL] Gtk: gtk_container_add_with_properties: assertion '_gtk_widget_get_parent (widget) == NULL' failed

[stack] CRITICAL backtrace:
  [00] 00007ff7f6921dea
  [01] 00007ffa11ffd5ee
  [02] 00007ffa11ffd9e7
  [03] 00007ffa11fff70d
  [04] 00007ff9e1f5d9b5
  [05] 00007ff9e20ff1d5
  [06] 00007ff7f6928f76
  [07] 00007ff7f692d260
  [08] 00007ff7f692d28b
  [09] 00007ff7f6929878
  [10] 00007ffa1d7c878d
  [11] 00007ffa1d7ddc9e
  [12] 00007ffa1d7e3830
  [13] 00007ff9e1f1e411
  [14] 00007ffa1d7c878d
  [15] 00007ffa1d7ddc9e
  [16] 00007ffa1d7e3830
  [17] 00007ff9e1f1c575
  [18] 00007ffa1d7c878d
  [19] 00007ffa1d7ddc9e
  [20] 00007ffa1d7e3830
  [21] 00007ff9e1ffdd2e
  [22] 00007ffa1d7cb47b
  [23] 00007ffa1d7c878d
  [24] 00007ffa1d7ddc9e
  [25] 00007ffa1d7e3830
  [26] 00007ff9e1ffab39
  [27] 00007ff9e1ffc1c3
  [28] 00007ff9e1fff705
  [29] 00007ff9e1fc0798
  [30] 00007ff9e21ab0eb
  [31] 00007ff9e1ed3474
  [32] 00007ffa1d7c878d
  [33] 00007ffa1d7dd29d
  [34] 00007ffa1d7e3830
  [35] 00007ff9e21acc4a
  [36] 00007ff9e204c0c1
  [37] 00007ff9e204e127
  [38] 00007ffa16f1f869
  [39] 00007ffa16f5c393
  [40] 00007ffa11ff1d75
  [41] 00007ffa11ff4e5f
  [42] 00007ffa11ff58b0
  [43] 00007ff9e204d15e
  [44] 00007ff7f692d349
  [45] 00007ff7f69210c9
  [46] 00007ff7f69213f6
  [47] 00007ffa67ce7374
  [48] 00007ffa6911cc91
[21:38:32] [DEBUG] GdkPixbuf: gdk_pixbuf_from_pixdata() called on:
[21:38:32] [DEBUG] GdkPixbuf: 	Encoding raw
[21:38:32] [DEBUG] GdkPixbuf: 	Dimensions: 20 x 25
[21:38:32] [DEBUG] GdkPixbuf: 	Rowstride: 80, Length: 2024
[21:38:32] [DEBUG] GdkPixbuf: 	Copy pixels == false
[21:38:33] [ERROR] GLib-GIO: No GSettings schemas are installed on the system
