=== AI-for-dummies start 2025-09-26_04-21-55 ===
App starting with 1 args
[04:21:55] [DEBUG] GLib-GIO: _g_io_module_get_default: Found default implementation winhttp (GWinHttpVfs) for ‘gio-vfs’
[04:21:56] [DEBUG] GLib-GIO: HKEY_CLASSES_ROOT\htmlfile\shell\Shell\Edit does not have a "command" subkey
[04:21:56] [DEBUG] GLib-GIO: HKEY_CLASSES_ROOT\htmlfile\shell\Shell\Edit does not have a "command" subkey
[04:21:56] [DEBUG] GLib-GIO: HKEY_CLASSES_ROOT\htmlfile\shell\Shell\Edit does not have a "command" subkey
[04:21:56] [DEBUG] GLib-GIO: HKEY_CLASSES_ROOT\htmlfile\shell\Shell\Edit does not have a "command" subkey
[04:21:56] [DEBUG] GLib-GIO: HKEY_CLASSES_ROOT\Applications\mrpack\shell\Shell\open does not have a "command" subkey
[04:21:56] [DEBUG] GLib-GIO: HKEY_CLASSES_ROOT\htmlfile\shell\Shell\Edit does not have a "command" subkey
[04:21:56] [DEBUG] GLib-GIO: HKEY_CLASSES_ROOT\htmlfile\shell\Shell\Edit does not have a "command" subkey
[04:21:56] [DEBUG] GLib-GIO: HKEY_CLASSES_ROOT\htmlfile\shell\Shell\Edit does not have a "command" subkey
[04:21:56] [DEBUG] GLib-GIO: HKEY_CLASSES_ROOT\htmlfile\shell\Shell\Edit does not have a "command" subkey
[04:21:56] [DEBUG] GLib-GIO: HKEY_CLASSES_ROOT\Access.MDBFile\shell\Shell\openAsReadOnly does not have a "command" subkey
[04:21:57] [DEBUG] GLib-GIO: Unexpectedly, UWP app `Clipchamp.Clipchamp_4.3.10120.0_x64__yxz26nhyzhsrt' (AUMId `Clipchamp.Clipchamp_yxz26nhyzhsrt!App') supports 41 extensions but has no verbs
[04:21:58] [DEBUG] GLib-GIO: Unexpectedly, UWP app `Microsoft.OutlookForWindows_1.2025.828.402_x64__8wekyb3d8bbwe' (AUMId `Microsoft.OutlookForWindows_8wekyb3d8bbwe!Microsoft.OutlookforWindows') supports 4 extensions but has no verbs
[04:21:58] [DEBUG] GLib-GIO: Collecting capable appnames: 16ms
Allocating hashtables:...... 0ms
Reading capable apps:        109ms
Reading URL associations:... 0ms
Reading extension assocs:    141ms
Reading exe-only apps:...... 78ms
Reading classes:             641ms
Reading UWP apps:            1422ms
Postprocessing:..............0ms
TOTAL:                       2407ms
[04:22:02] [CRITICAL] Gtk: gtk_container_add_with_properties: assertion '_gtk_widget_get_parent (widget) == NULL' failed

[stack] CRITICAL backtrace:
  [00] 00007ff6ca081dea
  [01] 00007ffa11ffd5ee
  [02] 00007ffa11ffd9e7
  [03] 00007ffa11fff70d
  [04] 00007ff9e1f5d9b5
  [05] 00007ff9e20ff1d5
  [06] 00007ff6ca08ec93
  [07] 00007ff6ca092fd0
  [08] 00007ff6ca092ffb
  [09] 00007ff6ca08f5d8
  [10] 00007ffa261b857b
  [11] 00007ffa261cc65b
  [12] 00007ffa261d35bb
  [13] 00007ff9e1f09abc
  [14] 00007ff9e1f0a170
  [15] 00007ff9e1f0b623
  [16] 00007ff9e1fae5cc
  [17] 00007ff9e1ed3474
  [18] 00007ffa261b86b7
  [19] 00007ffa261cd29d
  [20] 00007ffa261d3830
  [21] 00007ff9e21acc4a
  [22] 00007ff9e21d0333
  [23] 00007ff9e21d4d8b
  [24] 00007ff9e1ed3474
  [25] 00007ffa261b878d
  [26] 00007ffa261cd29d
  [27] 00007ffa261d3830
  [28] 00007ff9e21acc4a
  [29] 00007ff9e204c1a8
  [30] 00007ff9e204e127
  [31] 00007ffa13b9f869
  [32] 00007ffa13bdc393
  [33] 00007ffa11ff1d75
  [34] 00007ffa11ff4e5f
  [35] 00007ffa11ff58b0
  [36] 00007ff9e204d15e
  [37] 00007ff6ca0930ec
  [38] 00007ff6ca0810c9
  [39] 00007ff6ca0813f6
  [40] 00007ffa67ce7374
  [41] 00007ffa6911cc91
[04:22:03] [DEBUG] GdkPixbuf: gdk_pixbuf_from_pixdata() called on:
[04:22:03] [DEBUG] GdkPixbuf: 	Encoding raw
[04:22:03] [DEBUG] GdkPixbuf: 	Dimensions: 20 x 25
[04:22:03] [DEBUG] GdkPixbuf: 	Rowstride: 80, Length: 2024
[04:22:03] [DEBUG] GdkPixbuf: 	Copy pixels == false
