=== AI-for-dummies start 2025-09-26_04-57-59 ===
App starting with 1 args
[04:57:59] [DEBUG] GLib-GIO: _g_io_module_get_default: Found default implementation winhttp (GWinHttpVfs) for ‘gio-vfs’
[04:57:59] [DEBUG] GLib-GIO: HKEY_CLASSES_ROOT\htmlfile\shell\Shell\Edit does not have a "command" subkey
[04:57:59] [DEBUG] GLib-GIO: HKEY_CLASSES_ROOT\htmlfile\shell\Shell\Edit does not have a "command" subkey
[04:57:59] [DEBUG] GLib-GIO: HKEY_CLASSES_ROOT\htmlfile\shell\Shell\Edit does not have a "command" subkey
[04:57:59] [DEBUG] GLib-GIO: HKEY_CLASSES_ROOT\htmlfile\shell\Shell\Edit does not have a "command" subkey
[04:57:59] [DEBUG] GLib-GIO: HKEY_CLASSES_ROOT\Applications\mrpack\shell\Shell\open does not have a "command" subkey
[04:57:59] [DEBUG] GLib-GIO: HKEY_CLASSES_ROOT\htmlfile\shell\Shell\Edit does not have a "command" subkey
[04:57:59] [DEBUG] GLib-GIO: HKEY_CLASSES_ROOT\htmlfile\shell\Shell\Edit does not have a "command" subkey
[04:57:59] [DEBUG] GLib-GIO: HKEY_CLASSES_ROOT\htmlfile\shell\Shell\Edit does not have a "command" subkey
[04:57:59] [DEBUG] GLib-GIO: HKEY_CLASSES_ROOT\htmlfile\shell\Shell\Edit does not have a "command" subkey
[04:58:00] [DEBUG] GLib-GIO: HKEY_CLASSES_ROOT\Access.MDBFile\shell\Shell\openAsReadOnly does not have a "command" subkey
[04:58:01] [DEBUG] GLib-GIO: Unexpectedly, UWP app `Clipchamp.Clipchamp_4.3.10120.0_x64__yxz26nhyzhsrt' (AUMId `Clipchamp.Clipchamp_yxz26nhyzhsrt!App') supports 41 extensions but has no verbs
[04:58:01] [DEBUG] GLib-GIO: Unexpectedly, UWP app `Microsoft.OutlookForWindows_1.2025.828.402_x64__8wekyb3d8bbwe' (AUMId `Microsoft.OutlookForWindows_8wekyb3d8bbwe!Microsoft.OutlookforWindows') supports 4 extensions but has no verbs
[04:58:01] [DEBUG] GLib-GIO: Collecting capable appnames: 0ms
Allocating hashtables:...... 0ms
Reading capable apps:        78ms
Reading URL associations:... 0ms
Reading extension assocs:    109ms
Reading exe-only apps:...... 47ms
Reading classes:             437ms
Reading UWP apps:            1000ms
Postprocessing:..............0ms
TOTAL:                       1671ms
[04:58:05] [CRITICAL] Gtk: gtk_container_add_with_properties: assertion '_gtk_widget_get_parent (widget) == NULL' failed

[stack] CRITICAL backtrace:
  [00] 00007ff735cd1dea
  [01] 00007ffa11ffd5ee
  [02] 00007ffa11ffd9e7
  [03] 00007ffa11fff70d
  [04] 00007ff9e1f5d9b5
  [05] 00007ff9e20ff1d5
  [06] 00007ff735cdeea3
  [07] 00007ff735ce31e0
  [08] 00007ff735ce320b
  [09] 00007ff735cdf7e8
  [10] 00007ffa21d6857b
  [11] 00007ffa21d7c65b
  [12] 00007ffa21d835bb
  [13] 00007ff9e1f09abc
  [14] 00007ff9e1f0a170
  [15] 00007ff9e1f0b623
  [16] 00007ff9e1fae5cc
  [17] 00007ff9e1ed3474
  [18] 00007ffa21d686b7
  [19] 00007ffa21d7d29d
  [20] 00007ffa21d83830
  [21] 00007ff9e21acc4a
  [22] 00007ff9e21d0333
  [23] 00007ff9e21d4d8b
  [24] 00007ff9e1ed3474
  [25] 00007ffa21d6878d
  [26] 00007ffa21d7d29d
  [27] 00007ffa21d83830
  [28] 00007ff9e21acc4a
  [29] 00007ff9e204c1a8
  [30] 00007ff9e204e127
  [31] 00007ffa13b9f869
  [32] 00007ffa13bdc393
  [33] 00007ffa11ff1d75
  [34] 00007ffa11ff4e5f
  [35] 00007ffa11ff58b0
  [36] 00007ff9e204d15e
  [37] 00007ff735ce32fc
  [38] 00007ff735cd10c9
  [39] 00007ff735cd13f6
  [40] 00007ffa67ce7374
  [41] 00007ffa6911cc91
[04:58:20] [DEBUG] GdkPixbuf: gdk_pixbuf_from_pixdata() called on:
[04:58:20] [DEBUG] GdkPixbuf: 	Encoding raw
[04:58:20] [DEBUG] GdkPixbuf: 	Dimensions: 20 x 25
[04:58:20] [DEBUG] GdkPixbuf: 	Rowstride: 80, Length: 2024
[04:58:20] [DEBUG] GdkPixbuf: 	Copy pixels == false
[04:58:22] [DEBUG] GdkPixbuf: gdk_pixbuf_from_pixdata() called on:
[04:58:22] [DEBUG] GdkPixbuf: 	Encoding raw
[04:58:22] [DEBUG] GdkPixbuf: 	Dimensions: 20 x 25
[04:58:22] [DEBUG] GdkPixbuf: 	Rowstride: 80, Length: 2024
[04:58:22] [DEBUG] GdkPixbuf: 	Copy pixels == false
[04:58:54] [CRITICAL] GLib: g_utf8_to_utf16: assertion 'str != NULL' failed

[stack] CRITICAL backtrace:
  [00] 00007ff735cd1dea
  [01] 00007ffa11ffd5ee
  [02] 00007ffa11ffd9e7
  [03] 00007ffa11fff70d
  [04] 00007ffa12035f6e
  [05] 00007ffa1201b421
  [06] 00007ff735cdd18f
  [07] 00007ffa21d6878d
  [08] 00007ffa21d7dc9e
  [09] 00007ffa21d83830
  [10] 00007ff9e1f1e411
  [11] 00007ffa21d6878d
  [12] 00007ffa21d7dc9e
  [13] 00007ffa21d83830
  [14] 00007ff9e1f1c575
  [15] 00007ffa21d6878d
  [16] 00007ffa21d7dc9e
  [17] 00007ffa21d83830
  [18] 00007ff9e1ffdd2e
  [19] 00007ffa21d6b47b
  [20] 00007ffa21d6878d
  [21] 00007ffa21d7dc9e
  [22] 00007ffa21d83830
  [23] 00007ff9e1ffab39
  [24] 00007ff9e1ffc1c3
  [25] 00007ff9e1fff705
  [26] 00007ff9e1fc0798
  [27] 00007ff9e21ab0eb
  [28] 00007ff9e1ed3474
  [29] 00007ffa21d6878d
  [30] 00007ffa21d7d29d
  [31] 00007ffa21d83830
  [32] 00007ff9e21acc4a
  [33] 00007ff9e204c0c1
  [34] 00007ff9e204e127
  [35] 00007ffa13b9f869
  [36] 00007ffa13bdc393
  [37] 00007ffa11ff1d75
  [38] 00007ffa11ff4e5f
  [39] 00007ffa11ff58b0
  [40] 00007ff9e204d15e
  [41] 00007ff735ce32fc
  [42] 00007ff735cd10c9
  [43] 00007ff735cd13f6
  [44] 00007ffa67ce7374
  [45] 00007ffa6911cc91
[04:59:15] [DEBUG] GdkPixbuf: gdk_pixbuf_from_pixdata() called on:
[04:59:15] [DEBUG] GdkPixbuf: 	Encoding raw
[04:59:15] [DEBUG] GdkPixbuf: 	Dimensions: 20 x 25
[04:59:15] [DEBUG] GdkPixbuf: 	Rowstride: 80, Length: 2024
[04:59:15] [DEBUG] GdkPixbuf: 	Copy pixels == false
[04:59:27] [CRITICAL] GLib: g_utf8_to_utf16: assertion 'str != NULL' failed

[stack] CRITICAL backtrace:
  [00] 00007ff735cd1dea
  [01] 00007ffa11ffd5ee
  [02] 00007ffa11ffd9e7
  [03] 00007ffa11fff70d
  [04] 00007ffa12035f6e
  [05] 00007ffa1201b421
  [06] 00007ff735cdd18f
  [07] 00007ffa21d6878d
  [08] 00007ffa21d7dc9e
  [09] 00007ffa21d83830
  [10] 00007ff9e1f1e411
  [11] 00007ffa21d6878d
  [12] 00007ffa21d7dc9e
  [13] 00007ffa21d83830
  [14] 00007ff9e1f1c575
  [15] 00007ffa21d6878d
  [16] 00007ffa21d7dc9e
  [17] 00007ffa21d83830
  [18] 00007ff9e1ffdd2e
  [19] 00007ffa21d6b47b
  [20] 00007ffa21d6878d
  [21] 00007ffa21d7dc9e
  [22] 00007ffa21d83830
  [23] 00007ff9e1ffab39
  [24] 00007ff9e1ffc1c3
  [25] 00007ff9e1fff705
  [26] 00007ff9e1fc0798
  [27] 00007ff9e21ab0eb
  [28] 00007ff9e1ed3474
  [29] 00007ffa21d6878d
  [30] 00007ffa21d7d29d
  [31] 00007ffa21d83830
  [32] 00007ff9e21acc4a
  [33] 00007ff9e204c0c1
  [34] 00007ff9e204e127
  [35] 00007ffa13b9f869
  [36] 00007ffa13bdc393
  [37] 00007ffa11ff1d75
  [38] 00007ffa11ff4e5f
  [39] 00007ffa11ff58b0
  [40] 00007ff9e204d15e
  [41] 00007ff735ce32fc
  [42] 00007ff735cd10c9
  [43] 00007ff735cd13f6
  [44] 00007ffa67ce7374
  [45] 00007ffa6911cc91
[04:59:54] [CRITICAL] GLib: g_utf8_to_utf16: assertion 'str != NULL' failed

[stack] CRITICAL backtrace:
  [00] 00007ff735cd1dea
  [01] 00007ffa11ffd5ee
  [02] 00007ffa11ffd9e7
  [03] 00007ffa11fff70d
  [04] 00007ffa12035f6e
  [05] 00007ffa1201b421
  [06] 00007ff735cdd18f
  [07] 00007ffa21d6878d
  [08] 00007ffa21d7dc9e
  [09] 00007ffa21d83830
  [10] 00007ff9e1f1e411
  [11] 00007ffa21d6878d
  [12] 00007ffa21d7dc9e
  [13] 00007ffa21d83830
  [14] 00007ff9e1f1c575
  [15] 00007ffa21d6878d
  [16] 00007ffa21d7dc9e
  [17] 00007ffa21d83830
  [18] 00007ff9e1ffdd2e
  [19] 00007ffa21d6b47b
  [20] 00007ffa21d6878d
  [21] 00007ffa21d7dc9e
  [22] 00007ffa21d83830
  [23] 00007ff9e1ffab39
  [24] 00007ff9e1ffc1c3
  [25] 00007ff9e1fff705
  [26] 00007ff9e1fc0798
  [27] 00007ff9e21ab0eb
  [28] 00007ff9e1ed3474
  [29] 00007ffa21d6878d
  [30] 00007ffa21d7d29d
  [31] 00007ffa21d83830
  [32] 00007ff9e21acc4a
  [33] 00007ff9e204c0c1
  [34] 00007ff9e204e127
  [35] 00007ffa13b9f869
  [36] 00007ffa13bdc393
  [37] 00007ffa11ff1d75
  [38] 00007ffa11ff4e5f
  [39] 00007ffa11ff58b0
  [40] 00007ff9e204d15e
  [41] 00007ff735ce32fc
  [42] 00007ff735cd10c9
  [43] 00007ff735cd13f6
  [44] 00007ffa67ce7374
  [45] 00007ffa6911cc91
[05:00:12] [CRITICAL] GLib: g_utf8_to_utf16: assertion 'str != NULL' failed

[stack] CRITICAL backtrace:
  [00] 00007ff735cd1dea
  [01] 00007ffa11ffd5ee
  [02] 00007ffa11ffd9e7
  [03] 00007ffa11fff70d
  [04] 00007ffa12035f6e
  [05] 00007ffa1201b421
  [06] 00007ff735cdd18f
  [07] 00007ffa21d6878d
  [08] 00007ffa21d7dc9e
  [09] 00007ffa21d83830
  [10] 00007ff9e1f1e411
  [11] 00007ffa21d6878d
  [12] 00007ffa21d7dc9e
  [13] 00007ffa21d83830
  [14] 00007ff9e1f1c575
  [15] 00007ffa21d6878d
  [16] 00007ffa21d7dc9e
  [17] 00007ffa21d83830
  [18] 00007ff9e1ffdd2e
  [19] 00007ffa21d6b47b
  [20] 00007ffa21d6878d
  [21] 00007ffa21d7dc9e
  [22] 00007ffa21d83830
  [23] 00007ff9e1ffab39
  [24] 00007ff9e1ffc1c3
  [25] 00007ff9e1fff705
  [26] 00007ff9e1fc0798
  [27] 00007ff9e21ab0eb
  [28] 00007ff9e1ed3474
  [29] 00007ffa21d6878d
  [30] 00007ffa21d7d29d
  [31] 00007ffa21d83830
  [32] 00007ff9e21acc4a
  [33] 00007ff9e204c0c1
  [34] 00007ff9e204e127
  [35] 00007ffa13b9f869
  [36] 00007ffa13bdc393
  [37] 00007ffa11ff1d75
  [38] 00007ffa11ff4e5f
  [39] 00007ffa11ff58b0
  [40] 00007ff9e204d15e
  [41] 00007ff735ce32fc
  [42] 00007ff735cd10c9
  [43] 00007ff735cd13f6
  [44] 00007ffa67ce7374
  [45] 00007ffa6911cc91
[05:00:50] [CRITICAL] GLib: g_utf8_to_utf16: assertion 'str != NULL' failed

[stack] CRITICAL backtrace:
  [00] 00007ff735cd1dea
  [01] 00007ffa11ffd5ee
  [02] 00007ffa11ffd9e7
  [03] 00007ffa11fff70d
  [04] 00007ffa12035f6e
  [05] 00007ffa1201b421
  [06] 00007ff735cdd18f
  [07] 00007ffa21d6878d
  [08] 00007ffa21d7dc9e
  [09] 00007ffa21d83830
  [10] 00007ff9e1f1e411
  [11] 00007ffa21d6878d
  [12] 00007ffa21d7dc9e
  [13] 00007ffa21d83830
  [14] 00007ff9e1f1c575
  [15] 00007ffa21d6878d
  [16] 00007ffa21d7dc9e
  [17] 00007ffa21d83830
  [18] 00007ff9e1ffdd2e
  [19] 00007ffa21d6b47b
  [20] 00007ffa21d6878d
  [21] 00007ffa21d7dc9e
  [22] 00007ffa21d83830
  [23] 00007ff9e1ffab39
  [24] 00007ff9e1ffc1c3
  [25] 00007ff9e1fff705
  [26] 00007ff9e1fc0798
  [27] 00007ff9e21ab0eb
  [28] 00007ff9e1ed3474
  [29] 00007ffa21d6878d
  [30] 00007ffa21d7d29d
  [31] 00007ffa21d83830
  [32] 00007ff9e21acc4a
  [33] 00007ff9e204c0c1
  [34] 00007ff9e204e127
  [35] 00007ffa13b9f869
  [36] 00007ffa13bdc393
  [37] 00007ffa11ff1d75
  [38] 00007ffa11ff4e5f
  [39] 00007ffa11ff58b0
  [40] 00007ff9e204d15e
  [41] 00007ff735ce32fc
  [42] 00007ff735cd10c9
  [43] 00007ff735cd13f6
  [44] 00007ffa67ce7374
  [45] 00007ffa6911cc91
