=== AI-for-dummies start 2025-09-25_21-43-33 ===
App starting with 1 args
[21:43:33] [DEBUG] GLib-GIO: _g_io_module_get_default: Found default implementation winhttp (GWinHttpVfs) for ‘gio-vfs’
[21:43:33] [DEBUG] GLib-GIO: HKEY_CLASSES_ROOT\htmlfile\shell\Shell\Edit does not have a "command" subkey
[21:43:33] [DEBUG] GLib-GIO: HKEY_CLASSES_ROOT\htmlfile\shell\Shell\Edit does not have a "command" subkey
[21:43:34] [DEBUG] GLib-GIO: HKEY_CLASSES_ROOT\htmlfile\shell\Shell\Edit does not have a "command" subkey
[21:43:34] [DEBUG] GLib-GIO: HKEY_CLASSES_ROOT\htmlfile\shell\Shell\Edit does not have a "command" subkey
[21:43:34] [DEBUG] GLib-GIO: HKEY_CLASSES_ROOT\Applications\mrpack\shell\Shell\open does not have a "command" subkey
[21:43:34] [DEBUG] GLib-GIO: HKEY_CLASSES_ROOT\htmlfile\shell\Shell\Edit does not have a "command" subkey
[21:43:34] [DEBUG] GLib-GIO: HKEY_CLASSES_ROOT\htmlfile\shell\Shell\Edit does not have a "command" subkey
[21:43:34] [DEBUG] GLib-GIO: HKEY_CLASSES_ROOT\htmlfile\shell\Shell\Edit does not have a "command" subkey
[21:43:34] [DEBUG] GLib-GIO: HKEY_CLASSES_ROOT\htmlfile\shell\Shell\Edit does not have a "command" subkey
[21:43:34] [DEBUG] GLib-GIO: HKEY_CLASSES_ROOT\Access.MDBFile\shell\Shell\openAsReadOnly does not have a "command" subkey
[21:43:35] [DEBUG] GLib-GIO: Unexpectedly, UWP app `Clipchamp.Clipchamp_4.3.10120.0_x64__yxz26nhyzhsrt' (AUMId `Clipchamp.Clipchamp_yxz26nhyzhsrt!App') supports 41 extensions but has no verbs
[21:43:35] [DEBUG] GLib-GIO: Unexpectedly, UWP app `Microsoft.OutlookForWindows_1.2025.828.402_x64__8wekyb3d8bbwe' (AUMId `Microsoft.OutlookForWindows_8wekyb3d8bbwe!Microsoft.OutlookforWindows') supports 4 extensions but has no verbs
[21:43:36] [DEBUG] GLib-GIO: Collecting capable appnames: 0ms
Allocating hashtables:...... 0ms
Reading capable apps:        110ms
Reading URL associations:... 15ms
Reading extension assocs:    141ms
Reading exe-only apps:...... 62ms
Reading classes:             641ms
Reading UWP apps:            1391ms
Postprocessing:..............0ms
TOTAL:                       2360ms
[21:43:40] [CRITICAL] Gtk: gtk_container_add_with_properties: assertion '_gtk_widget_get_parent (widget) == NULL' failed

[stack] CRITICAL backtrace:
  [00] 00007ff68e651dea
  [01] 00007ffa11ffd5ee
  [02] 00007ffa11ffd9e7
  [03] 00007ffa11fff70d
  [04] 00007ff9e1f5d9b5
  [05] 00007ff9e20ff1d5
  [06] 00007ff68e658f76
  [07] 00007ff68e65d260
  [08] 00007ff68e65d28b
  [09] 00007ff68e659878
  [10] 00007ffa1f8c857b
  [11] 00007ffa1f8dc65b
  [12] 00007ffa1f8e35bb
  [13] 00007ff9e1f09abc
  [14] 00007ff9e1f0a170
  [15] 00007ff9e1f0b623
  [16] 00007ff9e1fae5cc
  [17] 00007ff9e1ed3474
  [18] 00007ffa1f8c86b7
  [19] 00007ffa1f8dd29d
  [20] 00007ffa1f8e3830
  [21] 00007ff9e21acc4a
  [22] 00007ff9e21d0333
  [23] 00007ff9e21d4d8b
  [24] 00007ff9e1ed3474
  [25] 00007ffa1f8c878d
  [26] 00007ffa1f8dd29d
  [27] 00007ffa1f8e3830
  [28] 00007ff9e21acc4a
  [29] 00007ff9e204c1a8
  [30] 00007ff9e204e127
  [31] 00007ffa1553f869
  [32] 00007ffa1557c393
  [33] 00007ffa11ff1d75
  [34] 00007ffa11ff4e5f
  [35] 00007ffa11ff58b0
  [36] 00007ff9e204d15e
  [37] 00007ff68e65d37c
  [38] 00007ff68e6510c9
  [39] 00007ff68e6513f6
  [40] 00007ffa67ce7374
  [41] 00007ffa6911cc91
[21:43:41] [DEBUG] GdkPixbuf: gdk_pixbuf_from_pixdata() called on:
[21:43:41] [DEBUG] GdkPixbuf: 	Encoding raw
[21:43:41] [DEBUG] GdkPixbuf: 	Dimensions: 20 x 25
[21:43:41] [DEBUG] GdkPixbuf: 	Rowstride: 80, Length: 2024
[21:43:41] [DEBUG] GdkPixbuf: 	Copy pixels == false
[21:43:42] [DEBUG] GLib-GIO: _g_io_module_get_default: Found default implementation registry (GRegistrySettingsBackend) for ‘gsettings-backend’
[21:43:42] [DEBUG] GdkPixbuf: gdk_pixbuf_from_pixdata() called on:
[21:43:42] [DEBUG] GdkPixbuf: 	Encoding raw
[21:43:42] [DEBUG] GdkPixbuf: 	Dimensions: 20 x 25
[21:43:42] [DEBUG] GdkPixbuf: 	Rowstride: 80, Length: 2024
[21:43:42] [DEBUG] GdkPixbuf: 	Copy pixels == false
start_load_file: called with ctx=00000186f8e7b8a0, path=C:\Users\Lucca\Desktop\puc\6 periodo\engsw\A.I-For-Dummies\datasets\Iris.csv
start_load_file: duplicated path=C:\Users\Lucca\Desktop\puc\6 periodo\engsw\A.I-For-Dummies\datasets\Iris.csv
start_load_file: status label set to 'Loading…'
start_load_file: progress bar pulsed
start_load_file: creating preview tab widgets
start_load_file: created tv=00000186f924ece0, sc=00000186f932d670
start_load_file: adding tree view to scrolled window
start_load_file: appended page 4 to right_nb=00000186f0e4e710
start_load_file: scrolled window shown
start_load_file: set current notebook page to 4
start_load_file: LoadTaskData prepared with path=C:\Users\Lucca\Desktop\puc\6 periodo\engsw\A.I-For-Dummies\datasets\Iris.csv and target_tv=00000186f924ece0
start_load_file: GTask created and task data set. Launching worker thread.
start_load_file: GTask unref'd, exiting start_load_file
start_load_file: called with ctx=00000186f8e7b8a0, path=C:\Users\Lucca\Desktop\puc\6 periodo\engsw\A.I-For-Dummies\datasets\Iris.csv
start_load_file: duplicated path=C:\Users\Lucca\Desktop\puc\6 periodo\engsw\A.I-For-Dummies\datasets\Iris.csv
start_load_file: status label set to 'Loading…'
start_load_file: progress bar pulsed
start_load_file: creating preview tab widgets
start_load_file: created tv=00000186f02e8b50, sc=00000186f032fad0
start_load_file: adding tree view to scrolled window
start_load_file: appended page 5 to right_nb=00000186f0e4e710
start_load_file: scrolled window shown
start_load_file: set current notebook page to 5
start_load_file: LoadTaskData prepared with path=C:\Users\Lucca\Desktop\puc\6 periodo\engsw\A.I-For-Dummies\datasets\Iris.csv and target_tv=00000186f02e8b50
start_load_file: GTask created and task data set. Launching worker thread.
start_load_file: GTask unref'd, exiting start_load_file
start_load_file: called with ctx=00000186f8e7b8a0, path=C:\Users\Lucca\Desktop\puc\6 periodo\engsw\A.I-For-Dummies\datasets\breast-cancer.csv
start_load_file: duplicated path=C:\Users\Lucca\Desktop\puc\6 periodo\engsw\A.I-For-Dummies\datasets\breast-cancer.csv
start_load_file: status label set to 'Loading…'
start_load_file: progress bar pulsed
start_load_file: creating preview tab widgets
start_load_file: created tv=00000186fa58b480, sc=00000186f0330630
start_load_file: adding tree view to scrolled window
start_load_file: appended page 6 to right_nb=00000186f0e4e710
start_load_file: scrolled window shown
start_load_file: set current notebook page to 6
start_load_file: LoadTaskData prepared with path=C:\Users\Lucca\Desktop\puc\6 periodo\engsw\A.I-For-Dummies\datasets\breast-cancer.csv and target_tv=00000186fa58b480
start_load_file: GTask created and task data set. Launching worker thread.
start_load_file: GTask unref'd, exiting start_load_file
