=== AI-for-dummies start 2025-09-26_04-32-25 ===
App starting with 1 args
[04:32:25] [DEBUG] GLib-GIO: _g_io_module_get_default: Found default implementation winhttp (GWinHttpVfs) for ‘gio-vfs’
[04:32:25] [DEBUG] GLib-GIO: HKEY_CLASSES_ROOT\htmlfile\shell\Shell\Edit does not have a "command" subkey
[04:32:25] [DEBUG] GLib-GIO: HKEY_CLASSES_ROOT\htmlfile\shell\Shell\Edit does not have a "command" subkey
[04:32:26] [DEBUG] GLib-GIO: HKEY_CLASSES_ROOT\htmlfile\shell\Shell\Edit does not have a "command" subkey
[04:32:26] [DEBUG] GLib-GIO: HKEY_CLASSES_ROOT\htmlfile\shell\Shell\Edit does not have a "command" subkey
[04:32:26] [DEBUG] GLib-GIO: HKEY_CLASSES_ROOT\Applications\mrpack\shell\Shell\open does not have a "command" subkey
[04:32:26] [DEBUG] GLib-GIO: HKEY_CLASSES_ROOT\htmlfile\shell\Shell\Edit does not have a "command" subkey
[04:32:26] [DEBUG] GLib-GIO: HKEY_CLASSES_ROOT\htmlfile\shell\Shell\Edit does not have a "command" subkey
[04:32:26] [DEBUG] GLib-GIO: HKEY_CLASSES_ROOT\htmlfile\shell\Shell\Edit does not have a "command" subkey
[04:32:26] [DEBUG] GLib-GIO: HKEY_CLASSES_ROOT\htmlfile\shell\Shell\Edit does not have a "command" subkey
[04:32:26] [DEBUG] GLib-GIO: HKEY_CLASSES_ROOT\Access.MDBFile\shell\Shell\openAsReadOnly does not have a "command" subkey
[04:32:27] [DEBUG] GLib-GIO: Unexpectedly, UWP app `Clipchamp.Clipchamp_4.3.10120.0_x64__yxz26nhyzhsrt' (AUMId `Clipchamp.Clipchamp_yxz26nhyzhsrt!App') supports 41 extensions but has no verbs
[04:32:28] [DEBUG] GLib-GIO: Unexpectedly, UWP app `Microsoft.OutlookForWindows_1.2025.828.402_x64__8wekyb3d8bbwe' (AUMId `Microsoft.OutlookForWindows_8wekyb3d8bbwe!Microsoft.OutlookforWindows') supports 4 extensions but has no verbs
[04:32:28] [DEBUG] GLib-GIO: Collecting capable appnames: 0ms
Allocating hashtables:...... 0ms
Reading capable apps:        110ms
Reading URL associations:... 15ms
Reading extension assocs:    141ms
Reading exe-only apps:...... 78ms
Reading classes:             641ms
Reading UWP apps:            1422ms
Postprocessing:..............0ms
TOTAL:                       2407ms
[04:32:32] [CRITICAL] Gtk: gtk_container_add_with_properties: assertion '_gtk_widget_get_parent (widget) == NULL' failed

[stack] CRITICAL backtrace:
  [00] 00007ff68a171dea
  [01] 00007ffa0ec2d5ee
  [02] 00007ffa0ec2d9e7
  [03] 00007ffa0ec2f70d
  [04] 00007ff9e1f5d9b5
  [05] 00007ff9e20ff1d5
  [06] 00007ff68a17eef5
  [07] 00007ff68a183232
  [08] 00007ff68a18325d
  [09] 00007ff68a17f83a
  [10] 00007ffa1f8c857b
  [11] 00007ffa1f8dc65b
  [12] 00007ffa1f8e35bb
  [13] 00007ff9e1f09abc
  [14] 00007ff9e1f0a170
  [15] 00007ff9e1f0b623
  [16] 00007ff9e1fae5cc
  [17] 00007ff9e1ed3474
  [18] 00007ffa1f8c86b7
  [19] 00007ffa1f8dd29d
  [20] 00007ffa1f8e3830
  [21] 00007ff9e21acc4a
  [22] 00007ff9e21d0333
  [23] 00007ff9e21d4d8b
  [24] 00007ff9e1ed3474
  [25] 00007ffa1f8c878d
  [26] 00007ffa1f8dd29d
  [27] 00007ffa1f8e3830
  [28] 00007ff9e21acc4a
  [29] 00007ff9e204c1a8
  [30] 00007ff9e204e127
  [31] 00007ffa11fef869
  [32] 00007ffa1202c393
  [33] 00007ffa0ec21d75
  [34] 00007ffa0ec24e5f
  [35] 00007ffa0ec258b0
  [36] 00007ff9e204d15e
  [37] 00007ff68a18334e
  [38] 00007ff68a1710c9
  [39] 00007ff68a1713f6
  [40] 00007ffa67ce7374
  [41] 00007ffa6911cc91
[04:32:33] [DEBUG] GdkPixbuf: gdk_pixbuf_from_pixdata() called on:
[04:32:33] [DEBUG] GdkPixbuf: 	Encoding raw
[04:32:33] [DEBUG] GdkPixbuf: 	Dimensions: 20 x 25
[04:32:33] [DEBUG] GdkPixbuf: 	Rowstride: 80, Length: 2024
[04:32:33] [DEBUG] GdkPixbuf: 	Copy pixels == false
[04:33:00] [DEBUG] GdkPixbuf: gdk_pixbuf_from_pixdata() called on:
[04:33:00] [DEBUG] GdkPixbuf: 	Encoding raw
[04:33:00] [DEBUG] GdkPixbuf: 	Dimensions: 20 x 25
[04:33:00] [DEBUG] GdkPixbuf: 	Rowstride: 80, Length: 2024
[04:33:00] [DEBUG] GdkPixbuf: 	Copy pixels == false
[04:34:10] [CRITICAL] GLib: g_utf8_to_utf16: assertion 'str != NULL' failed

[stack] CRITICAL backtrace:
  [00] 00007ff68a171dea
  [01] 00007ffa0ec2d5ee
  [02] 00007ffa0ec2d9e7
  [03] 00007ffa0ec2f70d
  [04] 00007ffa0ec65f6e
  [05] 00007ffa0ec4b421
  [06] 00007ff68a17d1e1
  [07] 00007ffa1f8c878d
  [08] 00007ffa1f8ddc9e
  [09] 00007ffa1f8e3830
  [10] 00007ff9e1f1e411
  [11] 00007ffa1f8c878d
  [12] 00007ffa1f8ddc9e
  [13] 00007ffa1f8e3830
  [14] 00007ff9e1f1c575
  [15] 00007ffa1f8c878d
  [16] 00007ffa1f8ddc9e
  [17] 00007ffa1f8e3830
  [18] 00007ff9e1ffdd2e
  [19] 00007ffa1f8cb47b
  [20] 00007ffa1f8c878d
  [21] 00007ffa1f8ddc9e
  [22] 00007ffa1f8e3830
  [23] 00007ff9e1ffab39
  [24] 00007ff9e1ffc1c3
  [25] 00007ff9e1fff705
  [26] 00007ff9e1fc0798
  [27] 00007ff9e21ab0eb
  [28] 00007ff9e1ed3474
  [29] 00007ffa1f8c878d
  [30] 00007ffa1f8dd29d
  [31] 00007ffa1f8e3830
  [32] 00007ff9e21acc4a
  [33] 00007ff9e204c0c1
  [34] 00007ff9e204e127
  [35] 00007ffa11fef869
  [36] 00007ffa1202c393
  [37] 00007ffa0ec21d75
  [38] 00007ffa0ec24e5f
  [39] 00007ffa0ec258b0
  [40] 00007ff9e204d15e
  [41] 00007ff68a18334e
  [42] 00007ff68a1710c9
  [43] 00007ff68a1713f6
  [44] 00007ffa67ce7374
  [45] 00007ffa6911cc91
